Traceback (most recent call last):
  File "<string>", line 21, in <module>
    response = ClockInView.as_view()(request)
  File "C:\Users\jasmi\Downloads\Quick\backend\.venv\Lib\site-packages\django\views\decorators\csrf.py", line 65, in _view_wrapper
    return view_func(request, *args, **kwargs)
  File "C:\Users\jasmi\Downloads\Quick\backend\.venv\Lib\site-packages\django\views\generic\base.py", line 106, in view
    return self.dispatch(request, *args, **kwargs)
           ~~~~~~~~~~~~~^^^^^^^^^^^^^^^^^^^^^^^^^^
  File "C:\Users\jasmi\Downloads\Quick\backend\.venv\Lib\site-packages\rest_framework\views.py", line 515, in dispatch
    response = self.handle_exception(exc)
  File "C:\Users\jasmi\Downloads\Quick\backend\.venv\Lib\site-packages\rest_framework\views.py", line 475, in handle_exception
    self.raise_uncaught_exception(exc)
    ~~~~~~~~~~~~~~~~~~~~~~~~~~~~~^^^^^
  File "C:\Users\jasmi\Downloads\Quick\backend\.venv\Lib\site-packages\rest_framework\views.py", line 486, in raise_uncaught_exception
    raise exc
  File "C:\Users\jasmi\Downloads\Quick\backend\.venv\Lib\site-packages\rest_framework\views.py", line 512, in dispatch
    response = handler(request, *args, **kwargs)
  File "C:\Users\jasmi\Downloads\Quick\backend\time_tracking\views.py", line 67, in post
    return Response(TimeLogSerializer(time_log).data, status=201)
                    ^^^^^^^^^^^^^^^^^^^^^^^^^^^^^^^^
  File "C:\Users\jasmi\Downloads\Quick\backend\.venv\Lib\site-packages\rest_framework\serializers.py", line 585, in data
    ret = super().data
          ^^^^^^^^^^^^
  File "C:\Users\jasmi\Downloads\Quick\backend\.venv\Lib\site-packages\rest_framework\serializers.py", line 251, in data
    self._data = self.to_representation(self.instance)
                 ~~~~~~~~~~~~~~~~~~~~~~^^^^^^^^^^^^^^^
  File "C:\Users\jasmi\Downloads\Quick\backend\.venv\Lib\site-packages\rest_framework\serializers.py", line 552, in to_representation
    ret[field.field_name] = field.to_representation(attribute)
                            ~~~~~~~~~~~~~~~~~~~~~~~^^^^^^^^^^^
  File "C:\Users\jasmi\Downloads\Quick\backend\.venv\Lib\site-packages\rest_framework\fields.py", line 921, in to_representation
    return int(value)
TypeError: int() argument must be a string, a bytes-like object or a real number, not 'ObjectId'
